<?xml version="1.0" encoding="UTF-8"?>
<!-- Generated by org.testng.reporters.JUnitReportReporter -->
<testsuite hostname="Scyther" failures="0" tests="1" name="io.testing.tables.datatables.TestDataTableRunner" time="1.051" errors="0" timestamp="2023-02-06T20:38:58 IST" skipped="0">
  <testcase classname="io.testing.tables.datatables.TestDataTableRunner" name="runScenario" time="1.051"/>
  <system-out/>
</testsuite> <!-- io.testing.tables.datatables.TestDataTableRunner -->
